<?xml version="1.0" encoding="UTF-8"?>
<testsuite xmlns:xsi="http://www.w3.org/2001/XMLSchema-instance" xsi:noNamespaceSchemaLocation="https://maven.apache.org/surefire/maven-surefire-plugin/xsd/surefire-test-report.xsd" version="3.0.2" name="com.quizlet.parser.generator.CardGeneratorTest" time="0.034" tests="6" errors="0" skipped="0" failures="0">
  <properties>
[...]
</properties>
  <testcase name="generatesArtworkCards" classname="com.quizlet.parser.generator.CardGeneratorTest" time="0.007"/>
  <testcase name="generatesNumberCardsBothDirections" classname="com.quizlet.parser.generator.CardGeneratorTest" time="0.004"/>
  <testcase name="generatesNicknameReversePair" classname="com.quizlet.parser.generator.CardGeneratorTest" time="0.004"/>
  <testcase name="generatesRelationLocatedInWithPronouns" classname="com.quizlet.parser.generator.CardGeneratorTest" time="0.009"/>
  <testcase name="deduplicatesIdenticalCards" classname="com.quizlet.parser.generator.CardGeneratorTest" time="0.004"/>
  <testcase name="generatesClickableEnrichment" classname="com.quizlet.parser.generator.CardGeneratorTest" time="0.003"/>
</testsuite>